Build started 10.06.2013 16:07:20.
     1>Project "Z:\win7\Projekte\2.Semester\SomSem13\RMP\Aufgabe4\RMP_4\RMP_4\RMP_4.vcxproj" on node 2 (build target(s)).
     1>InitializeBuildStatus:
         Creating "Debug\RMP_4.unsuccessfulbuild" because "AlwaysCreate" was specified.
       ClCompile:
         c:\Program Files (x86)\Microsoft Visual Studio 10.0\VC\bin\CL.exe /c /ZI /nologo /W3 /WX- /Od /Oy- /D WIN32 /D _DEBUG /D _CONSOLE /D _UNICODE /D UNICODE /Gm /EHsc /RTC1 /MDd /GS /fp:precise /Zc:wchar_t /Zc:forScope /Fo"Debug\\" /Fd"Debug\vc100.pdb" /Gd /TP /analyze- /errorReport:prompt main.cpp
         main.cpp
       ManifestResourceCompile:
         All outputs are up-to-date.
       Link:
         c:\Program Files (x86)\Microsoft Visual Studio 10.0\VC\bin\link.exe /ERRORREPORT:PROMPT /OUT:"Z:\win7\Projekte\2.Semester\SomSem13\RMP\Aufgabe4\RMP_4\Debug\RMP_4.exe" /INCREMENTAL /NOLOGO kernel32.lib user32.lib gdi32.lib winspool.lib comdlg32.lib advapi32.lib shell32.lib ole32.lib oleaut32.lib uuid.lib odbc32.lib odbccp32.lib /MANIFEST /ManifestFile:"Debug\RMP_4.exe.intermediate.manifest" /MANIFESTUAC:"level='asInvoker' uiAccess='false'" /DEBUG /PDB:"Z:\win7\Projekte\2.Semester\SomSem13\RMP\Aufgabe4\RMP_4\Debug\RMP_4.pdb" /SUBSYSTEM:CONSOLE /TLBID:1 /DYNAMICBASE /NXCOMPAT /IMPLIB:"Z:\win7\Projekte\2.Semester\SomSem13\RMP\Aufgabe4\RMP_4\Debug\RMP_4.lib" /MACHINE:X86 Debug\RMP_4.exe.embed.manifest.res
         Debug\main.obj
         Debug\stringsort.obj
       Manifest:
         C:\Program Files (x86)\Microsoft SDKs\Windows\v7.0A\bin\mt.exe /nologo /verbose /out:"Debug\RMP_4.exe.embed.manifest" /manifest Debug\RMP_4.exe.intermediate.manifest
         All outputs are up-to-date.
       LinkEmbedManifest:
         c:\Program Files (x86)\Microsoft Visual Studio 10.0\VC\bin\link.exe /ERRORREPORT:PROMPT /OUT:"Z:\win7\Projekte\2.Semester\SomSem13\RMP\Aufgabe4\RMP_4\Debug\RMP_4.exe" /INCREMENTAL /NOLOGO kernel32.lib user32.lib gdi32.lib winspool.lib comdlg32.lib advapi32.lib shell32.lib ole32.lib oleaut32.lib uuid.lib odbc32.lib odbccp32.lib /MANIFEST /ManifestFile:"Debug\RMP_4.exe.intermediate.manifest" /MANIFESTUAC:"level='asInvoker' uiAccess='false'" /DEBUG /PDB:"Z:\win7\Projekte\2.Semester\SomSem13\RMP\Aufgabe4\RMP_4\Debug\RMP_4.pdb" /SUBSYSTEM:CONSOLE /TLBID:1 /DYNAMICBASE /NXCOMPAT /IMPLIB:"Z:\win7\Projekte\2.Semester\SomSem13\RMP\Aufgabe4\RMP_4\Debug\RMP_4.lib" /MACHINE:X86 Debug\RMP_4.exe.embed.manifest.res
         Debug\main.obj
         Debug\stringsort.obj
         RMP_4.vcxproj -> Z:\win7\Projekte\2.Semester\SomSem13\RMP\Aufgabe4\RMP_4\Debug\RMP_4.exe
       FinalizeBuildStatus:
         Deleting file "Debug\RMP_4.unsuccessfulbuild".
         Touching "Debug\RMP_4.lastbuildstate".
     1>Done Building Project "Z:\win7\Projekte\2.Semester\SomSem13\RMP\Aufgabe4\RMP_4\RMP_4\RMP_4.vcxproj" (build target(s)).

Build succeeded.

Time Elapsed 00:00:01.77
