#
# A fatal error has been detected by the Java Runtime Environment:
#
#  EXCEPTION_ACCESS_VIOLATION (0xc0000005) at pc=0x0000000000000000, pid=4880, tid=2064
#
# JRE version: 7.0_15-b03
# Java VM: Java HotSpot(TM) 64-Bit Server VM (23.7-b01 mixed mode windows-amd64 compressed oops)
# Problematic frame:
# C  0x0000000000000000
#
# Failed to write core dump. Minidumps are not enabled by default on client versions of Windows
#
# If you would like to submit a bug report, please visit:
#   http://bugreport.sun.com/bugreport/crash.jsp
# The crash happened outside the Java Virtual Machine in native code.
# See problematic frame for where to report the bug.
#

---------------  T H R E A D  ---------------

Current thread (0x000000000aab0800):  JavaThread "AWT-Windows" daemon [_thread_in_native, id=2064, stack(0x000000000b330000,0x000000000b430000)]

siginfo: ExceptionCode=0xc0000005, ExceptionInformation=0x0000000000000008 0x0000000000000000

Registers:
RAX=0x000000000ba1cd80, RBX=0x000000000bb0b5a0, RCX=0x0000000000000000, RDX=0x000000000bbf9b60
RSP=0x000000000b42f0a8, RBP=0x0000000000000000, RSI=0x0000000000000000, RDI=0x000000000ba19520
R8 =0x000000000e5f31c0, R9 =0x00000006009e0002, R10=0x00000000022e05f0, R11=0x000007feeba09900
R12=0x0000000000000000, R13=0x00000000bb28cc70, R14=0x000000000b42f4f8, R15=0x000000000aab0800
RIP=0x0000000000000000, EFLAGS=0x0000000000010206

Top of Stack: (sp=0x000000000b42f0a8)
0x000000000b42f0a8:   000007feeb883335 0000000000000001
0x000000000b42f0b8:   00000000613d9b47 000000006209a640
0x000000000b42f0c8:   00000000020000c0 000000000ba19520
0x000000000b42f0d8:   000007feeb883287 000000000bb0b5a0
0x000000000b42f0e8:   0000000800000002 00000000bb653f00
0x000000000b42f0f8:   000000006209a640 000000000e5a5c40
0x000000000b42f108:   000007feeb89a72a 000000000d6b1680
0x000000000b42f118:   000000000e5f31c0 000000000da02620
0x000000000b42f128:   000007fef9d730fd 000000000ba19520
0x000000000b42f138:   000000000bb0b5a0 fffffffffffffffe
0x000000000b42f148:   00000000614e2182 0000000000000000
0x000000000b42f158:   000007feeb89a668 0000000000000001
0x000000000b42f168:   000000000b42f4d8 000000000e5f31c0
0x000000000b42f178:   000000000e5f31c0 000000000bac2c70
0x000000000b42f188:   000007feeb89a7c6 000000000babee60
0x000000000b42f198:   000000000b42f4d8 000000000e5f31c0 

Instructions: (pc=0x0000000000000000)
0xffffffffffffffe0:   


Register to memory mapping:

RAX=0x000000000ba1cd80 is an unknown value
RBX=0x000000000bb0b5a0 is an unknown value
RCX=0x0000000000000000 is an unknown value
RDX=0x000000000bbf9b60 is an unknown value
RSP=0x000000000b42f0a8 is pointing into the stack for thread: 0x000000000aab0800
RBP=0x0000000000000000 is an unknown value
RSI=0x0000000000000000 is an unknown value
RDI=0x000000000ba19520 is an unknown value
R8 =0x000000000e5f31c0 is an unknown value
R9 =0x00000006009e0002 is an unknown value
R10=0x00000000022e05f0 is an unknown value
R11=0x000007feeba09900 is an unknown value
R12=0x0000000000000000 is an unknown value
R13=0x00000000bb28cc70 is an oop
{method} 
 - klass: {other class}
R14=0x000000000b42f4f8 is pointing into the stack for thread: 0x000000000aab0800
R15=0x000000000aab0800 is a thread


Stack: [0x000000000b330000,0x000000000b430000],  sp=0x000000000b42f0a8,  free space=1020k
Java frames: (J=compiled Java code, j=interpreted, Vv=VM code)
j  sun.awt.windows.WToolkit.eventLoop()V+0
j  sun.awt.windows.WToolkit.run()V+49
j  java.lang.Thread.run()V+11
v  ~StubRoutines::call_stub

---------------  P R O C E S S  ---------------

Java Threads: ( => current thread )
  0x0000000010f64800 JavaThread "Thread-0" daemon [_thread_in_native, id=1072, stack(0x0000000012420000,0x0000000012520000)]
  0x0000000001d4d000 JavaThread "DestroyJavaVM" [_thread_blocked, id=4332, stack(0x0000000002650000,0x0000000002750000)]
  0x000000000aad4800 JavaThread "Thread-2" [_thread_blocked, id=4904, stack(0x000000000fc90000,0x000000000fd90000)]
  0x000000000ab31000 JavaThread "AWT-EventQueue-0" [_thread_blocked, id=3692, stack(0x000000000e7b0000,0x000000000e8b0000)]
=>0x000000000aab0800 JavaThread "AWT-Windows" daemon [_thread_in_native, id=2064, stack(0x000000000b330000,0x000000000b430000)]
  0x000000000ab07800 JavaThread "AWT-Shutdown" [_thread_blocked, id=2888, stack(0x000000000b110000,0x000000000b210000)]
  0x000000000aadc800 JavaThread "Java2D Disposer" daemon [_thread_blocked, id=3804, stack(0x000000000af90000,0x000000000b090000)]
  0x0000000008d60000 JavaThread "Service Thread" daemon [_thread_blocked, id=1704, stack(0x000000000a9b0000,0x000000000aab0000)]
  0x0000000008d5f000 JavaThread "C2 CompilerThread1" daemon [_thread_blocked, id=3092, stack(0x000000000a830000,0x000000000a930000)]
  0x0000000008d5a000 JavaThread "C2 CompilerThread0" daemon [_thread_blocked, id=780, stack(0x000000000a5d0000,0x000000000a6d0000)]
  0x0000000008d59000 JavaThread "Attach Listener" daemon [_thread_blocked, id=4252, stack(0x000000000a400000,0x000000000a500000)]
  0x0000000008d51800 JavaThread "Signal Dispatcher" daemon [_thread_blocked, id=4068, stack(0x000000000a250000,0x000000000a350000)]
  0x00000000023d0800 JavaThread "Finalizer" daemon [_thread_blocked, id=4296, stack(0x0000000009ff0000,0x000000000a0f0000)]
  0x00000000023ce800 JavaThread "Reference Handler" daemon [_thread_blocked, id=4428, stack(0x0000000009cb0000,0x0000000009db0000)]

Other Threads:
  0x0000000008cd3000 VMThread [stack: 0x0000000009e00000,0x0000000009f00000] [id=2108]
  0x0000000008d70800 WatcherThread [stack: 0x000000000a0f0000,0x000000000a1f0000] [id=4872]

VM state:not at safepoint (normal execution)

VM Mutex/Monitor currently owned by a thread: None

Heap
 PSYoungGen      total 19136K, used 12274K [0x00000000eaab0000, 0x00000000ec000000, 0x0000000100000000)
  eden space 16448K, 58% used [0x00000000eaab0000,0x00000000eb40e388,0x00000000ebac0000)
  from space 2688K, 99% used [0x00000000ebac0000,0x00000000ebd5e4b0,0x00000000ebd60000)
  to   space 2688K, 0% used [0x00000000ebd60000,0x00000000ebd60000,0x00000000ec000000)
 ParOldGen       total 43712K, used 220K [0x00000000c0000000, 0x00000000c2ab0000, 0x00000000eaab0000)
  object space 43712K, 0% used [0x00000000c0000000,0x00000000c0037370,0x00000000c2ab0000)
 PSPermGen       total 21248K, used 8530K [0x00000000bae00000, 0x00000000bc2c0000, 0x00000000c0000000)
  object space 21248K, 40% used [0x00000000bae00000,0x00000000bb654ae0,0x00000000bc2c0000)

Card table byte_map: [0x0000000005750000,0x0000000005980000] byte_map_base: 0x0000000005179000

Polling page: 0x0000000000260000

Code Cache  [0x0000000002750000, 0x00000000029c0000, 0x0000000005750000)
 total_blobs=581 nmethods=139 adapters=393 free_code_cache=48326Kb largest_free_block=49464832

Compilation events (10 events):
Event: 14.816 Thread 0x0000000008d5f000  135   !         sun.awt.AppContext::get (121 bytes)
Event: 14.823 Thread 0x0000000008d5f000 nmethod 135 0x0000000002820ad0 code [0x0000000002820c60, 0x00000000028214f8]
Event: 14.945 Thread 0x0000000008d5a000  136             java.util.EventObject::getSource (5 bytes)
Event: 14.946 Thread 0x0000000008d5a000 nmethod 136 0x00000000027d0150 code [0x00000000027d0280, 0x00000000027d02d8]
Event: 15.344 Thread 0x0000000008d5f000  137             sun.java2d.pipe.RenderBuffer::position (11 bytes)
Event: 15.344 Thread 0x0000000008d5f000 nmethod 137 0x00000000027cfe90 code [0x00000000027cffc0, 0x00000000027d0018]
Event: 15.888 Thread 0x0000000008d5a000  138             java.awt.EventQueue::getNextEventPrivate (76 bytes)
Event: 15.890 Thread 0x0000000008d5a000 nmethod 138 0x0000000002821c90 code [0x0000000002821de0, 0x0000000002821f88]
Event: 16.065 Thread 0x0000000008d5f000  139             sun.awt.AWTAutoShutdown::getInstance (4 bytes)
Event: 16.065 Thread 0x0000000008d5f000 nmethod 139 0x0000000002821a50 code [0x0000000002821b80, 0x0000000002821bd8]

GC Heap History (2 events):
Event: 2.864 GC heap before
{Heap before GC invocations=1 (full 0):
 PSYoungGen      total 19136K, used 16448K [0x00000000eaab0000, 0x00000000ec000000, 0x0000000100000000)
  eden space 16448K, 100% used [0x00000000eaab0000,0x00000000ebac0000,0x00000000ebac0000)
  from space 2688K, 0% used [0x00000000ebd60000,0x00000000ebd60000,0x00000000ec000000)
  to   space 2688K, 0% used [0x00000000ebac0000,0x00000000ebac0000,0x00000000ebd60000)
 ParOldGen       total 43712K, used 0K [0x00000000c0000000, 0x00000000c2ab0000, 0x00000000eaab0000)
  object space 43712K, 0% used [0x00000000c0000000,0x00000000c0000000,0x00000000c2ab0000)
 PSPermGen       total 21248K, used 8444K [0x00000000bae00000, 0x00000000bc2c0000, 0x00000000c0000000)
  object space 21248K, 39% used [0x00000000bae00000,0x00000000bb63f070,0x00000000bc2c0000)
Event: 2.869 GC heap after
Heap after GC invocations=1 (full 0):
 PSYoungGen      total 19136K, used 2681K [0x00000000eaab0000, 0x00000000ec000000, 0x0000000100000000)
  eden space 16448K, 0% used [0x00000000eaab0000,0x00000000eaab0000,0x00000000ebac0000)
  from space 2688K, 99% used [0x00000000ebac0000,0x00000000ebd5e4b0,0x00000000ebd60000)
  to   space 2688K, 0% used [0x00000000ebd60000,0x00000000ebd60000,0x00000000ec000000)
 ParOldGen       total 43712K, used 220K [0x00000000c0000000, 0x00000000c2ab0000, 0x00000000eaab0000)
  object space 43712K, 0% used [0x00000000c0000000,0x00000000c0037370,0x00000000c2ab0000)
 PSPermGen       total 21248K, used 8444K [0x00000000bae00000, 0x00000000bc2c0000, 0x00000000c0000000)
  object space 21248K, 39% used [0x00000000bae00000,0x00000000bb63f070,0x00000000bc2c0000)
}

Deoptimization events (6 events):
Event: 0.634 Thread 0x000000000ab31000 Uncommon trap -34 fr.pc 0x00000000027d01c4
Event: 0.634 Thread 0x000000000ab31000 Uncommon trap -34 fr.pc 0x00000000027d01c4
Event: 0.634 Thread 0x000000000ab31000 Uncommon trap -34 fr.pc 0x00000000027d01c4
Event: 0.634 Thread 0x000000000ab31000 Uncommon trap -34 fr.pc 0x00000000027d01c4
Event: 0.813 Thread 0x000000000ab31000 Uncommon trap 45 fr.pc 0x00000000027d5ff8
Event: 0.974 Thread 0x000000000ab31000 Uncommon trap -83 fr.pc 0x00000000027de700

Internal exceptions (10 events):
Event: 0.177 Thread 0x0000000001d4d000 Threw 0x00000000eabe60c0 at C:\jdk7u2_64p\jdk7u15\hotspot\src\share\vm\prims\jni.cpp:716
Event: 0.300 Thread 0x0000000001d4d000 Threw 0x00000000eabef0f8 at C:\jdk7u2_64p\jdk7u15\hotspot\src\share\vm\prims\jvm.cpp:1166
Event: 0.343 Thread 0x0000000001d4d000 Threw 0x00000000eacf8e48 at C:\jdk7u2_64p\jdk7u15\hotspot\src\share\vm\prims\jvm.cpp:1166
Event: 0.343 Thread 0x0000000001d4d000 Threw 0x00000000eacf8f70 at C:\jdk7u2_64p\jdk7u15\hotspot\src\share\vm\prims\jvm.cpp:1166
Event: 0.344 Thread 0x0000000001d4d000 Threw 0x00000000eacfccb8 at C:\jdk7u2_64p\jdk7u15\hotspot\src\share\vm\prims\jvm.cpp:1166
Event: 0.344 Thread 0x0000000001d4d000 Threw 0x00000000eacfcde0 at C:\jdk7u2_64p\jdk7u15\hotspot\src\share\vm\prims\jvm.cpp:1166
Event: 0.364 Thread 0x0000000001d4d000 Threw 0x00000000ead01e30 at C:\jdk7u2_64p\jdk7u15\hotspot\src\share\vm\prims\jvm.cpp:1166
Event: 0.368 Thread 0x000000000aad4800 Threw 0x00000000ead58598 at C:\jdk7u2_64p\jdk7u15\hotspot\src\share\vm\prims\jvm.cpp:1166
Event: 0.380 Thread 0x000000000aad4800 Threw 0x00000000ead5a580 at C:\jdk7u2_64p\jdk7u15\hotspot\src\share\vm\prims\jvm.cpp:1166
Event: 0.974 Thread 0x000000000ab31000 Implicit null exception at 0x00000000027de661 to 0x00000000027de6e1

Events (10 events):
Event: 16.605 loading class 0x000000000aab3710
Event: 16.605 loading class 0x000000000aadaa20
Event: 16.605 loading class 0x000000000aadaa20 done
Event: 16.605 loading class 0x000000000aab3710 done
Event: 16.605 Thread 0x0000000010f64800 Thread added: 0x0000000010f64800
Event: 16.605 Thread 0x0000000010f65800 Thread added: 0x0000000010f65800
Event: 16.605 Thread 0x0000000010f65800 Thread exited: 0x0000000010f65800
Event: 16.605 Thread 0x000000000ab8a800 Thread exited: 0x000000000ab8a800
Event: 16.606 loading class 0x000000000ab7f3c0
Event: 16.606 loading class 0x000000000ab7f3c0 done


Dynamic libraries:
0x000000013f200000 - 0x000000013f233000 	C:\Program Files\Java\jdk1.7.0_15\bin\java.exe
0x00000000779f0000 - 0x0000000077b99000 	C:\Windows\SYSTEM32\ntdll.dll
0x00000000775c0000 - 0x00000000776df000 	C:\Windows\system32\kernel32.dll
0x000007fefdf20000 - 0x000007fefdf8c000 	C:\Windows\system32\KERNELBASE.dll
0x000007feffbb0000 - 0x000007feffc8b000 	C:\Windows\system32\ADVAPI32.dll
0x000007fefe220000 - 0x000007fefe2bf000 	C:\Windows\system32\msvcrt.dll
0x000007fefe4e0000 - 0x000007fefe4ff000 	C:\Windows\SYSTEM32\sechost.dll
0x000007fefe500000 - 0x000007fefe62d000 	C:\Windows\system32\RPCRT4.dll
0x00000000778f0000 - 0x00000000779ea000 	C:\Windows\system32\USER32.dll
0x000007feffc90000 - 0x000007feffcf7000 	C:\Windows\system32\GDI32.dll
0x000007fefe2c0000 - 0x000007fefe2ce000 	C:\Windows\system32\LPK.dll
0x000007fefe2d0000 - 0x000007fefe399000 	C:\Windows\system32\USP10.dll
0x000007fefc9f0000 - 0x000007fefcbe4000 	C:\Windows\WinSxS\amd64_microsoft.windows.common-controls_6595b64144ccf1df_6.0.7601.17514_none_fa396087175ac9ac\COMCTL32.dll
0x000007fefe460000 - 0x000007fefe4d1000 	C:\Windows\system32\SHLWAPI.dll
0x000007fefe780000 - 0x000007fefe7ae000 	C:\Windows\system32\IMM32.DLL
0x000007feff7c0000 - 0x000007feff8c9000 	C:\Windows\system32\MSCTF.dll
0x0000000075260000 - 0x0000000075298000 	C:\PROGRA~2\Sophos\SOPHOS~1\SOPHOS~2.DLL
0x0000000077bb0000 - 0x0000000077bb7000 	C:\Windows\system32\PSAPI.DLL
0x00000000613d0000 - 0x0000000061aef000 	C:\Program Files\Java\jdk1.7.0_15\jre\bin\server\jvm.dll
0x000007fefa020000 - 0x000007fefa029000 	C:\Windows\system32\WSOCK32.dll
0x000007feff8d0000 - 0x000007feff91d000 	C:\Windows\system32\WS2_32.dll
0x000007fefe630000 - 0x000007fefe638000 	C:\Windows\system32\NSI.dll
0x000007fefbcc0000 - 0x000007fefbcfb000 	C:\Windows\system32\WINMM.dll
0x0000000072a20000 - 0x0000000072af2000 	C:\Windows\system32\MSVCR100.dll
0x00000000621c0000 - 0x00000000621cf000 	C:\Program Files\Java\jdk1.7.0_15\jre\bin\verify.dll
0x0000000062190000 - 0x00000000621b8000 	C:\Program Files\Java\jdk1.7.0_15\jre\bin\java.dll
0x0000000062170000 - 0x0000000062185000 	C:\Program Files\Java\jdk1.7.0_15\jre\bin\zip.dll
0x0000000061f90000 - 0x0000000062123000 	C:\Program Files\Java\jdk1.7.0_15\jre\bin\awt.dll
0x000007fefe640000 - 0x000007fefe717000 	C:\Windows\system32\OLEAUT32.dll
0x000007feff9a0000 - 0x000007feffba3000 	C:\Windows\system32\ole32.dll
0x000007fefc430000 - 0x000007fefc448000 	C:\Windows\system32\DWMAPI.DLL
0x000007fefc990000 - 0x000007fefc9e6000 	C:\Windows\system32\uxtheme.dll
0x0000000010000000 - 0x0000000010040000 	C:\Program Files (x86)\ATI Technologies\HydraVision\HydraDMH64.dll
0x000007fefdd80000 - 0x000007fefdd8f000 	C:\Windows\system32\CRYPTBASE.dll
0x000007feeb880000 - 0x000007feeba7f000 	C:\Windows\system32\d3d9.dll
0x000007fefd070000 - 0x000007fefd07c000 	C:\Windows\system32\VERSION.dll
0x000007fef9da0000 - 0x000007fef9da7000 	C:\Windows\system32\d3d8thk.dll
0x0000000071850000 - 0x0000000071904000 	C:\Windows\system32\aticfx64.dll
0x000007fef9d70000 - 0x000007fef9d7d000 	C:\Windows\system32\atiu9p64.dll
0x0000000068760000 - 0x0000000068c7a000 	C:\Windows\system32\atiumd64.dll
0x0000000068e70000 - 0x000000006919c000 	C:\Windows\system32\atiumd6a.dll
0x0000000061f50000 - 0x0000000061f84000 	C:\Program Files\Java\jdk1.7.0_15\jre\bin\fontmanager.dll
0x0000000062150000 - 0x0000000062169000 	C:\Program Files\Java\jdk1.7.0_15\jre\bin\net.dll
0x0000000075220000 - 0x0000000075242000 	C:\ProgramData\Sophos\Web Intelligence\swi_ifslsp_64.dll
0x000007fefea30000 - 0x000007feff7b8000 	C:\Windows\system32\SHELL32.dll
0x000007fefd6c0000 - 0x000007fefd715000 	C:\Windows\system32\mswsock.dll
0x000007fefd6b0000 - 0x000007fefd6b7000 	C:\Windows\System32\wship6.dll
0x0000000062130000 - 0x0000000062141000 	C:\Program Files\Java\jdk1.7.0_15\jre\bin\nio.dll
0x0000000061f00000 - 0x0000000061f41000 	C:\Program Files\Java\jdk1.7.0_15\jre\bin\t2k.dll
0x000007fef8510000 - 0x000007fef8635000 	C:\Windows\system32\dbghelp.dll

VM Arguments:
jvm_args: -Dfile.encoding=UTF-8 
java_command: aufgabe1b.Aufgabe1b
Launcher Type: SUN_STANDARD

Environment Variables:
JAVA_HOME=C:\Program Files\Java\jdk1.7.0_15
PATH=C:\Program Files\Java\jdk1.7.0_15\BIN;C:\Program Files (x86)\ATI Stream\bin\x86_64;C:\Program Files (x86)\ATI Stream\bin\x86;S:\Oracle\iclient;S:\ruby\ruby\bin;C:\Program Files (x86)\MiKTeX 2.8\miktex\bin;S:\Tcl\bin;C:\Windows\system32;C:\Windows;C:\Windows\System32\Wbem;C:\Windows\System32\WindowsPowerShell\v1.0\;S:\MATLAB\R2010a\bin;c:\Program Files (x86)\Microsoft SQL Server\100\Tools\Binn\;c:\Program Files\Microsoft SQL Server\100\Tools\Binn\;c:\Program Files\Microsoft SQL Server\100\DTS\Binn\;S:\Dev-Cpp\bin;C:\Program Files (x86)\ATI Technologies\ATI.ACE\Core-Static;C:\Program Files (x86)\Microsoft Team Foundation Server 2010 Power Tools\;C:\Program Files (x86)\Microsoft Team Foundation Server 2010 Power Tools\Best Practices Analyzer\;C:\Program Files\TortoiseGit\bin;C:\Program Files\Microsoft SQL Server\110\Tools\Binn\;C:\Program Files (x86)\Microsoft SQL Server\110\Tools\Binn\ManagementStudio\;C:\Program Files (x86)\Microsoft SQL Server\110\Tools\Binn\;C:\Program Files (x86)\Microsoft Visual Studio 10.0\Common7\IDE\PrivateAssemblies\;C:\Program Files (x86)\Microsoft SQL Server\110\DTS\Binn\;c:\Program Files (x86)\Microsoft ASP.NET\ASP.NET Web Pages\v1.0\;C:\Program Files\TortoiseSVN\bin
USERNAME=abl128
OS=Windows_NT
PROCESSOR_IDENTIFIER=AMD64 Family 16 Model 4 Stepping 3, AuthenticAMD



---------------  S Y S T E M  ---------------

OS: Windows 7 , 64 bit Build 7601 Service Pack 1

CPU:total 4 (4 cores per cpu, 1 threads per core) family 16 model 4 stepping 3, cmov, cx8, fxsr, mmx, sse, sse2, sse3, popcnt, mmxext, 3dnowpref, lzcnt, sse4a, tsc, tscinvbit, tscinv

Memory: 4k page, physical 4192440k(1710164k free), swap 8383028k(5171772k free)

vm_info: Java HotSpot(TM) 64-Bit Server VM (23.7-b01) for windows-amd64 JRE (1.7.0_15-b03), built on Feb 15 2013 13:43:57 by "java_re" with unknown MS VC++:1600

time: Mon May 13 16:09:40 2013
elapsed time: 16 seconds

